<?xml version="1.0" encoding="UTF-8"?>
<!-- Generated by org.testng.reporters.JUnitReportReporter -->
<testsuite skipped="0" hostname="Praveen-PC" name="TestNGProject.TestClass" tests="2" failures="0" timestamp="10 Sep 2017 07:12:48 GMT" time="46.002" errors="0">
  <testcase name="test1" time="24.300" classname="TestNGProject.TestClass"/>
  <testcase name="test2" time="21.702" classname="TestNGProject.TestClass"/>
</testsuite> <!-- TestNGProject.TestClass -->
