<?xml version="1.0" encoding="UTF-8"?>
<!-- Generated by org.testng.reporters.JUnitReportReporter -->
<testsuite hostname="Praveen-PC" name="TestNGProject.TestClass" tests="2" failures="0" timestamp="10 Sep 2017 07:09:17 GMT" time="0.016" errors="0">
  <testcase name="test1" time="0.000" classname="TestNGProject.TestClass"/>
  <testcase name="test2" time="0.016" classname="TestNGProject.TestClass"/>
</testsuite> <!-- TestNGProject.TestClass -->
